<?xml version="1.0" encoding="UTF-8"?>
<testsuite xmlns:xsi="http://www.w3.org/2001/XMLSchema-instance" xsi:noNamespaceSchemaLocation="https://maven.apache.org/surefire/maven-surefire-plugin/xsd/surefire-test-report.xsd" version="3.0.2" name="com.chinmay.bfhl.BfhlApplicationTests" time="14.578" tests="1" errors="0" skipped="0" failures="0" flakes="0">
  <properties>
[...]
</properties>
  <testcase name="contextLoads" classname="com.chinmay.bfhl.BfhlApplicationTests" time="3.842">
    <system-out><![CDATA[17:10:49.336 [main] INFO org.springframework.test.context.support.AnnotationConfigContextLoaderUtils -- Could not detect default configuration classes for test class [com.chinmay.bfhl.BfhlApplicationTests]: BfhlApplicationTests does not declare any static, non-private, non-final, nested classes annotated with @Configuration.
17:10:50.598 [main] INFO org.springframework.boot.test.context.SpringBootTestContextBootstrapper -- Found @SpringBootConfiguration com.chinmay.bfhl.BfhlApplication for test class com.chinmay.bfhl.BfhlApplicationTests
17:10:51.071 [main] INFO org.springframework.test.context.support.AnnotationConfigContextLoaderUtils -- Could not detect default configuration classes for test class [com.chinmay.bfhl.BfhlApplicationTests]: BfhlApplicationTests does not declare any static, non-private, non-final, nested classes annotated with @Configuration.
17:10:51.077 [main] INFO org.springframework.boot.test.context.SpringBootTestContextBootstrapper -- Found @SpringBootConfiguration com.chinmay.bfhl.BfhlApplication for test class com.chinmay.bfhl.BfhlApplicationTests

  .   ____          _            __ _ _
 /\\ / ___'_ __ _ _(_)_ __  __ _ \ \ \ \
( ( )\___ | '_ | '_| | '_ \/ _` | \ \ \ \
 \\/  ___)| |_)| | | | | || (_| |  ) ) ) )
  '  |____| .__|_| |_|_| |_\__, | / / / /
 =========|_|==============|___/=/_/_/_/

 :: Spring Boot ::                (v4.0.6)

2026-05-26T17:10:53.046+05:30  INFO 13540 --- [bfhl] [           main] com.chinmay.bfhl.BfhlApplicationTests    : Starting BfhlApplicationTests using Java 25.0.2 with PID 13540 (started by Nilesh in C:\Users\Nilesh\Downloads\bfhl\bfhl)
2026-05-26T17:10:53.067+05:30  INFO 13540 --- [bfhl] [           main] com.chinmay.bfhl.BfhlApplicationTests    : No active profile set, falling back to 1 default profile: "default"
2026-05-26T17:10:59.096+05:30  INFO 13540 --- [bfhl] [           main] com.chinmay.bfhl.BfhlApplicationTests    : Started BfhlApplicationTests in 7.671 seconds (process running for 14.047)
]]></system-out>
    <system-err><![CDATA[Mockito is currently self-attaching to enable the inline-mock-maker. This will no longer work in future releases of the JDK. Please add Mockito as an agent to your build as described in Mockito's documentation: https://javadoc.io/doc/org.mockito/mockito-core/latest/org.mockito/org/mockito/Mockito.html#0.3
WARNING: A Java agent has been loaded dynamically (C:\Users\Nilesh\.m2\repository\net\bytebuddy\byte-buddy-agent\1.17.8\byte-buddy-agent-1.17.8.jar)
WARNING: If a serviceability tool is in use, please run with -XX:+EnableDynamicAgentLoading to hide this warning
WARNING: If a serviceability tool is not in use, please run with -Djdk.instrument.traceUsage for more information
WARNING: Dynamic loading of agents will be disallowed by default in a future release
]]></system-err>
  </testcase>
</testsuite>